This is pdfTeX, Version 3.14159265-2.6-1.40.17 (TeX Live 2016) (preloaded format=pdflatex 2016.9.19)  8 JAN 2017 11:12
entering extended mode
 restricted \write18 enabled.
 file:line:error style messages enabled.
 %&-line parsing enabled.
**CheegerNumericrevisedjune08.tex
(./CheegerNumericrevisedjune08.tex
LaTeX2e <2016/03/31>
Babel <3.9r> and hyphenation patterns for 83 language(s) loaded.
(/usr/local/texlive/2016/texmf-dist/tex/latex/base/article.cls
Document Class: article 2014/09/29 v1.4h Standard LaTeX document class
(/usr/local/texlive/2016/texmf-dist/tex/latex/base/size11.clo
File: size11.clo 2014/09/29 v1.4h Standard LaTeX file (size option)
)
\c@part=\count79
\c@section=\count80
\c@subsection=\count81
\c@subsubsection=\count82
\c@paragraph=\count83
\c@subparagraph=\count84
\c@figure=\count85
\c@table=\count86
\abovecaptionskip=\skip41
\belowcaptionskip=\skip42
\bibindent=\dimen102
)
(/usr/local/texlive/2016/texmf-dist/tex/latex/amsmath/amsmath.sty
Package: amsmath 2016/03/10 v2.15b AMS math features
\@mathmargin=\skip43

For additional information on amsmath, use the `?' option.
(/usr/local/texlive/2016/texmf-dist/tex/latex/amsmath/amstext.sty
Package: amstext 2000/06/29 v2.01 AMS text

(/usr/local/texlive/2016/texmf-dist/tex/latex/amsmath/amsgen.sty
File: amsgen.sty 1999/11/30 v2.0 generic functions
\@emptytoks=\toks14
\ex@=\dimen103
))
(/usr/local/texlive/2016/texmf-dist/tex/latex/amsmath/amsbsy.sty
Package: amsbsy 1999/11/29 v1.2d Bold Symbols
\pmbraise@=\dimen104
)
(/usr/local/texlive/2016/texmf-dist/tex/latex/amsmath/amsopn.sty
Package: amsopn 2016/03/08 v2.02 operator names
)
\inf@bad=\count87
LaTeX Info: Redefining \frac on input line 199.
\uproot@=\count88
\leftroot@=\count89
LaTeX Info: Redefining \overline on input line 297.
\classnum@=\count90
\DOTSCASE@=\count91
LaTeX Info: Redefining \ldots on input line 394.
LaTeX Info: Redefining \dots on input line 397.
LaTeX Info: Redefining \cdots on input line 518.
\Mathstrutbox@=\box26
\strutbox@=\box27
\big@size=\dimen105
LaTeX Font Info:    Redeclaring font encoding OML on input line 634.
LaTeX Font Info:    Redeclaring font encoding OMS on input line 635.
\macc@depth=\count92
\c@MaxMatrixCols=\count93
\dotsspace@=\muskip10
\c@parentequation=\count94
\dspbrk@lvl=\count95
\tag@help=\toks15
\row@=\count96
\column@=\count97
\maxfields@=\count98
\andhelp@=\toks16
\eqnshift@=\dimen106
\alignsep@=\dimen107
\tagshift@=\dimen108
\tagwidth@=\dimen109
\totwidth@=\dimen110
\lineht@=\dimen111
\@envbody=\toks17
\multlinegap=\skip44
\multlinetaggap=\skip45
\mathdisplay@stack=\toks18
LaTeX Info: Redefining \[ on input line 2739.
LaTeX Info: Redefining \] on input line 2740.
)
(/usr/local/texlive/2016/texmf-dist/tex/latex/amsfonts/amssymb.sty
Package: amssymb 2013/01/14 v3.01 AMS font symbols

(/usr/local/texlive/2016/texmf-dist/tex/latex/amsfonts/amsfonts.sty
Package: amsfonts 2013/01/14 v3.01 Basic AMSFonts support
\symAMSa=\mathgroup4
\symAMSb=\mathgroup5
LaTeX Font Info:    Overwriting math alphabet `\mathfrak' in version `bold'
(Font)                  U/euf/m/n --> U/euf/b/n on input line 106.
))
(/usr/local/texlive/2016/texmf-dist/tex/generic/babel/babel.sty
Package: babel 2016/04/23 3.9r The Babel package

(/usr/local/texlive/2016/texmf-dist/tex/generic/babel-french/frenchb.ldf
Language: frenchb 2016/05/14 v3.2c French support from the babel system

(/usr/local/texlive/2016/texmf-dist/tex/generic/babel/babel.def
File: babel.def 2016/04/23 3.9r Babel common definitions
\babel@savecnt=\count99
\U@D=\dimen112
)
\l@acadian = a dialect from \language\l@french 
\l@canadien = a dialect from \language\l@french 
\FB@nonchar=\count100
\FBcolonskip=\skip46
\FBthinskip=\skip47
Package babel Info: Making : an active character on input line 365.
Package babel Info: Making ; an active character on input line 366.
Package babel Info: Making ! an active character on input line 367.
Package babel Info: Making ? an active character on input line 368.
\FBguillskip=\skip48
\FBguill@level=\count101
\FB@everypar=\toks19
\FB@Mht=\dimen113
\std@mcc=\count102
\dec@mcc=\count103
\listindentFB=\skip49
\labelwidthFB=\skip50
\leftmarginFB=\skip51
\parindentFFN=\dimen114
\FBfnindent=\skip52
)
(/usr/local/texlive/2016/texmf-dist/tex/generic/babel-english/english.ldf
Language: english 2012/08/20 v3.3p English support from the babel system
\l@canadian = a dialect from \language\l@american 
\l@australian = a dialect from \language\l@british 
\l@newzealand = a dialect from \language\l@british 
))
(/usr/local/texlive/2016/texmf-dist/tex/latex/carlisle/scalefnt.sty)
(/usr/local/texlive/2016/texmf-dist/tex/latex/graphics/keyval.sty
Package: keyval 2014/10/28 v1.15 key=value parser (DPC)
\KV@toks@=\toks20
)
(./mystyle.sty
\c@thm=\count104
\c@coro=\count105
\c@prop=\count106
\c@lem=\count107
\c@theo=\count108
\c@defi=\count109
\c@conj=\count110
\c@Remark=\count111
\c@steps=\count112
)
(/usr/local/texlive/2016/texmf-dist/tex/latex/graphics/graphicx.sty
Package: graphicx 2014/10/28 v1.0g Enhanced LaTeX Graphics (DPC,SPQR)

(/usr/local/texlive/2016/texmf-dist/tex/latex/graphics/graphics.sty
Package: graphics 2016/05/09 v1.0r Standard LaTeX Graphics (DPC,SPQR)

(/usr/local/texlive/2016/texmf-dist/tex/latex/graphics/trig.sty
Package: trig 2016/01/03 v1.10 sin cos tan (DPC)
)
(/usr/local/texlive/2016/texmf-dist/tex/latex/graphics-cfg/graphics.cfg
File: graphics.cfg 2016/01/02 v1.10 sample graphics configuration
)
Package graphics Info: Driver file: pdftex.def on input line 96.

(/usr/local/texlive/2016/texmf-dist/tex/latex/pdftex-def/pdftex.def
File: pdftex.def 2011/05/27 v0.06d Graphics/color for pdfTeX

(/usr/local/texlive/2016/texmf-dist/tex/generic/oberdiek/infwarerr.sty
Package: infwarerr 2016/05/16 v1.4 Providing info/warning/error messages (HO)
)
(/usr/local/texlive/2016/texmf-dist/tex/generic/oberdiek/ltxcmds.sty
Package: ltxcmds 2016/05/16 v1.23 LaTeX kernel commands for general use (HO)
)
\Gread@gobject=\count113
))
\Gin@req@height=\dimen115
\Gin@req@width=\dimen116
)
(/usr/local/texlive/2016/texmf-dist/tex/latex/oberdiek/epstopdf.sty
Package: epstopdf 2016/05/15 v2.6 Conversion with epstopdf on the fly (HO)

(/usr/local/texlive/2016/texmf-dist/tex/latex/oberdiek/epstopdf-base.sty
Package: epstopdf-base 2016/05/15 v2.6 Base part for package epstopdf

(/usr/local/texlive/2016/texmf-dist/tex/latex/oberdiek/grfext.sty
Package: grfext 2016/05/16 v1.2 Manage graphics extensions (HO)

(/usr/local/texlive/2016/texmf-dist/tex/generic/oberdiek/kvdefinekeys.sty
Package: kvdefinekeys 2016/05/16 v1.4 Define keys (HO)
))
(/usr/local/texlive/2016/texmf-dist/tex/latex/oberdiek/kvoptions.sty
Package: kvoptions 2016/05/16 v3.12 Key value format for package options (HO)

(/usr/local/texlive/2016/texmf-dist/tex/generic/oberdiek/kvsetkeys.sty
Package: kvsetkeys 2016/05/16 v1.17 Key value parser (HO)

(/usr/local/texlive/2016/texmf-dist/tex/generic/oberdiek/etexcmds.sty
Package: etexcmds 2016/05/16 v1.6 Avoid name clashes with e-TeX commands (HO)

(/usr/local/texlive/2016/texmf-dist/tex/generic/oberdiek/ifluatex.sty
Package: ifluatex 2016/05/16 v1.4 Provides the ifluatex switch (HO)
Package ifluatex Info: LuaTeX not detected.
)
Package etexcmds Info: Could not find \expanded.
(etexcmds)             That can mean that you are not using pdfTeX 1.50 or
(etexcmds)             that some package has redefined \expanded.
(etexcmds)             In the latter case, load this package earlier.
)))
(/usr/local/texlive/2016/texmf-dist/tex/generic/oberdiek/pdftexcmds.sty
Package: pdftexcmds 2016/05/10 v0.21 Utility functions of pdfTeX for LuaTeX (HO
)

(/usr/local/texlive/2016/texmf-dist/tex/generic/oberdiek/ifpdf.sty
Package: ifpdf 2016/05/14 v3.1 Provides the ifpdf switch
)
Package pdftexcmds Info: LuaTeX not detected.
Package pdftexcmds Info: \pdf@primitive is available.
Package pdftexcmds Info: \pdf@ifprimitive is available.
Package pdftexcmds Info: \pdfdraftmode found.
)
Package grfext Info: Graphics extension search list:
(grfext)             [.png,.pdf,.jpg,.mps,.jpeg,.jbig2,.jb2,.PNG,.PDF,.JPG,.JPE
G,.JBIG2,.JB2,.eps]
(grfext)             \AppendGraphicsExtensions on input line 456.

(/usr/local/texlive/2016/texmf-dist/tex/latex/latexconfig/epstopdf-sys.cfg
File: epstopdf-sys.cfg 2010/07/13 v1.3 Configuration of (r)epstopdf for TeX Liv
e
)))
(./CheegerNumericrevisedjune08.aux

LaTeX Warning: Label `fig-cheeger-bump' multiply defined.

)
\openout1 = `CheegerNumericrevisedjune08.aux'.

LaTeX Font Info:    Checking defaults for OML/cmm/m/it on input line 25.
LaTeX Font Info:    ... okay on input line 25.
LaTeX Font Info:    Checking defaults for T1/cmr/m/n on input line 25.
LaTeX Font Info:    ... okay on input line 25.
LaTeX Font Info:    Checking defaults for OT1/cmr/m/n on input line 25.
LaTeX Font Info:    ... okay on input line 25.
LaTeX Font Info:    Checking defaults for OMS/cmsy/m/n on input line 25.
LaTeX Font Info:    ... okay on input line 25.
LaTeX Font Info:    Checking defaults for OMX/cmex/m/n on input line 25.
LaTeX Font Info:    ... okay on input line 25.
LaTeX Font Info:    Checking defaults for U/cmr/m/n on input line 25.
LaTeX Font Info:    ... okay on input line 25.
LaTeX Info: Redefining \degres on input line 25.
LaTeX Info: Redefining \dots on input line 25.
LaTeX Info: Redefining \up on input line 25.


Package frenchb.ldf Warning: OT1 encoding should not be used for French.
(frenchb.ldf)                Add \usepackage[T1]{fontenc} to the preamble
(frenchb.ldf)                of your document, on input line 25.

(/usr/local/texlive/2016/texmf-dist/tex/context/base/mkii/supp-pdf.mkii
[Loading MPS to PDF converter (version 2006.09.02).]
\scratchcounter=\count114
\scratchdimen=\dimen117
\scratchbox=\box28
\nofMPsegments=\count115
\nofMParguments=\count116
\everyMPshowfont=\toks21
\MPscratchCnt=\count117
\MPscratchDim=\dimen118
\MPnumerator=\count118
\makeMPintoPDFobject=\count119
\everyMPtoPDFconversion=\toks22
)
LaTeX Font Info:    Try loading font information for U+msa on input line 27.
 (/usr/local/texlive/2016/texmf-dist/tex/latex/amsfonts/umsa.fd
File: umsa.fd 2013/01/14 v3.01 AMS symbols A
)
LaTeX Font Info:    Try loading font information for U+msb on input line 27.

(/usr/local/texlive/2016/texmf-dist/tex/latex/amsfonts/umsb.fd
File: umsb.fd 2013/01/14 v3.01 AMS symbols B
) [1

{/usr/local/texlive/2016/texmf-var/fonts/map/pdftex/updmap/pdftex.map}] [2

] [3] [4] [5]
[6] [7] [8]
Overfull \hbox (1.98807pt too wide) in paragraph at lines 276--277
[]\OT1/cmr/m/it/10.95 Let $\OML/cmm/m/it/10.95 v[]$ \OT1/cmr/m/it/10.95 be de-f
ined as above, then $\OML/cmm/m/it/10.95 v[]$ \OT1/cmr/m/it/10.95 con-verges to
 $\OT1/cmr/m/n/10.95 ^^E[](\OML/cmm/m/it/10.95 u[]\OT1/cmr/m/n/10.95 )$ \OT1/cm
r/m/it/10.95 strongly
 []

[9] [10] [11] [12]
<./images/cheeger-2d/square-tube-original.png, id=64, 291.0875pt x 401.5pt>
File: ./images/cheeger-2d/square-tube-original.png Graphic file (type png)

<use ./images/cheeger-2d/square-tube-original.png>
Package pdftex.def Info: ./images/cheeger-2d/square-tube-original.png used on i
nput line 411.
(pdftex.def)             Requested size: 77.39868pt x 106.75232pt.

<./images/cheeger-2d/square-tube-26-l2-cheeger-curve.png, id=65, 236.5638pt x 3
55.5684pt>
File: ./images/cheeger-2d/square-tube-26-l2-cheeger-curve.png Graphic file (typ
e png)
 <use ./images/cheeger-2d/square-tube-26-l2-cheeger-curve.png>
Package pdftex.def Info: ./images/cheeger-2d/square-tube-26-l2-cheeger-curve.pn
g used on input line 411.
(pdftex.def)             Requested size: 71.9989pt x 108.2176pt.

<./images/cheeger-2d/square-tube-31-l2-cheeger-curve.png, id=66, 236.5638pt x 3
55.5684pt>
File: ./images/cheeger-2d/square-tube-31-l2-cheeger-curve.png Graphic file (typ
e png)
 <use ./images/cheeger-2d/square-tube-31-l2-cheeger-curve.png>
Package pdftex.def Info: ./images/cheeger-2d/square-tube-31-l2-cheeger-curve.pn
g used on input line 411.
(pdftex.def)             Requested size: 71.9989pt x 108.2176pt.

<./images/cheeger-2d/square-tube-35-l2-cheeger-curve.png, id=67, 236.5638pt x 3
55.5684pt>
File: ./images/cheeger-2d/square-tube-35-l2-cheeger-curve.png Graphic file (typ
e png)
 <use ./images/cheeger-2d/square-tube-35-l2-cheeger-curve.png>
Package pdftex.def Info: ./images/cheeger-2d/square-tube-35-l2-cheeger-curve.pn
g used on input line 411.
(pdftex.def)             Requested size: 71.9989pt x 108.2176pt.

<./images/cheeger-2d/square-tube-39-l2-cheeger-curve.png, id=68, 236.5638pt x 3
55.5684pt>
File: ./images/cheeger-2d/square-tube-39-l2-cheeger-curve.png Graphic file (typ
e png)
 <use ./images/cheeger-2d/square-tube-39-l2-cheeger-curve.png>
Package pdftex.def Info: ./images/cheeger-2d/square-tube-39-l2-cheeger-curve.pn
g used on input line 411.
(pdftex.def)             Requested size: 71.9989pt x 108.2176pt.

Overfull \hbox (0.30176pt too wide) in paragraph at lines 423--424
 \OT1/cmr/bx/n/10.95 Con-ver-gence study.[] \OT1/cmr/m/n/10.95 The con-ver-genc
e of our pro-jec-tion al-go-rithm is stud-
 []

Package epstopdf Info: Source file: <./images/error/square-cheeger-progression.
eps>
(epstopdf)                    date: 2008-07-01 12:02:51
(epstopdf)                    size: 695611 bytes
(epstopdf)             Output file: <./images/error/square-cheeger-progression-
eps-converted-to.pdf>
(epstopdf)                    date: 2017-01-08 11:12:45
(epstopdf)                    size: 28328 bytes
(epstopdf)             Command: <repstopdf --outfile=./images/error/square-chee
ger-progression-eps-converted-to.pdf ./images/error/square-cheeger-progression.
eps>
(epstopdf)             \includegraphics on input line 429.
Package epstopdf Info: Output file is already uptodate.

<./images/error/square-cheeger-progression-eps-converted-to.pdf, id=69, 994.716
25pt x 303.1325pt>
File: ./images/error/square-cheeger-progression-eps-converted-to.pdf Graphic fi
le (type pdf)

<use ./images/error/square-cheeger-progression-eps-converted-to.pdf>
Package pdftex.def Info: ./images/error/square-cheeger-progression-eps-converte
d-to.pdf used on input line 429.
(pdftex.def)             Requested size: 360.0pt x 109.7058pt.
 [13 <./images/cheeger-2d/square-tube-original.png (PNG copy)> <./images/cheege
r-2d/square-tube-26-l2-cheeger-curve.png (PNG copy)> <./images/cheeger-2d/squar
e-tube-31-l2-cheeger-curve.png (PNG copy)> <./images/cheeger-2d/square-tube-35-
l2-cheeger-curve.png (PNG copy)> <./images/cheeger-2d/square-tube-39-l2-cheeger
-curve.png (PNG copy)>]
<./images/cheeger-3d/cube-shape.png, id=74, 346.4142pt x 346.4142pt>
File: ./images/cheeger-3d/cube-shape.png Graphic file (type png)

<use ./images/cheeger-3d/cube-shape.png>
Package pdftex.def Info: ./images/cheeger-3d/cube-shape.png used on input line 
455.
(pdftex.def)             Requested size: 111.59912pt x 111.6001pt.

<./images/cheeger-3d/cubes-tube-shape.png, id=75, 346.4142pt x 346.4142pt>
File: ./images/cheeger-3d/cubes-tube-shape.png Graphic file (type png)

<use ./images/cheeger-3d/cubes-tube-shape.png>
Package pdftex.def Info: ./images/cheeger-3d/cubes-tube-shape.png used on input
 line 455.
(pdftex.def)             Requested size: 111.59912pt x 111.6001pt.

<./images/cheeger-3d/multi-cones-shape.png, id=76, 346.4142pt x 346.4142pt>
File: ./images/cheeger-3d/multi-cones-shape.png Graphic file (type png)

<use ./images/cheeger-3d/multi-cones-shape.png>
Package pdftex.def Info: ./images/cheeger-3d/multi-cones-shape.png used on inpu
t line 455.
(pdftex.def)             Requested size: 111.59912pt x 111.6001pt.

<./images/cheeger-3d/cube-cheeger.png, id=77, 346.4142pt x 346.4142pt>
File: ./images/cheeger-3d/cube-cheeger.png Graphic file (type png)

<use ./images/cheeger-3d/cube-cheeger.png>
Package pdftex.def Info: ./images/cheeger-3d/cube-cheeger.png used on input lin
e 455.
(pdftex.def)             Requested size: 111.59912pt x 111.6001pt.

<./images/cheeger-3d/cubes-tube-cheeger.png, id=78, 346.4142pt x 346.4142pt>
File: ./images/cheeger-3d/cubes-tube-cheeger.png Graphic file (type png)

<use ./images/cheeger-3d/cubes-tube-cheeger.png>
Package pdftex.def Info: ./images/cheeger-3d/cubes-tube-cheeger.png used on inp
ut line 455.
(pdftex.def)             Requested size: 111.59912pt x 111.6001pt.

<./images/cheeger-3d/multi-cones-l2-cheeger.png, id=79, 346.4142pt x 346.4142pt
>
File: ./images/cheeger-3d/multi-cones-l2-cheeger.png Graphic file (type png)
 <use ./images/cheeger-3d/multi-cones-l2-cheeger.png>
Package pdftex.def Info: ./images/cheeger-3d/multi-cones-l2-cheeger.png used on
 input line 455.
(pdftex.def)             Requested size: 111.59912pt x 111.6001pt.

<./images/cheeger-weight/square-constant-bump4-tv.png, id=80, 200.75pt x 200.75
pt>
File: ./images/cheeger-weight/square-constant-bump4-tv.png Graphic file (type p
ng)
 <use ./images/cheeger-weight/square-constant-bump4-tv.png>
Package pdftex.def Info: ./images/cheeger-weight/square-constant-bump4-tv.png u
sed on input line 470.
(pdftex.def)             Requested size: 79.20044pt x 79.20193pt.

<./images/cheeger-weight/square-constant-bump3-tv.png, id=81, 200.75pt x 200.75
pt>
File: ./images/cheeger-weight/square-constant-bump3-tv.png Graphic file (type p
ng)
 <use ./images/cheeger-weight/square-constant-bump3-tv.png>
Package pdftex.def Info: ./images/cheeger-weight/square-constant-bump3-tv.png u
sed on input line 470.
(pdftex.def)             Requested size: 79.20044pt x 79.20193pt.

<./images/cheeger-weight/square-constant-bump2-tv.png, id=82, 200.75pt x 200.75
pt>
File: ./images/cheeger-weight/square-constant-bump2-tv.png Graphic file (type p
ng)
 <use ./images/cheeger-weight/square-constant-bump2-tv.png>
Package pdftex.def Info: ./images/cheeger-weight/square-constant-bump2-tv.png u
sed on input line 470.
(pdftex.def)             Requested size: 79.20044pt x 79.20193pt.

<./images/cheeger-weight/square-constant-bump1-tv.png, id=83, 200.75pt x 200.75
pt>
File: ./images/cheeger-weight/square-constant-bump1-tv.png Graphic file (type p
ng)
 <use ./images/cheeger-weight/square-constant-bump1-tv.png>
Package pdftex.def Info: ./images/cheeger-weight/square-constant-bump1-tv.png u
sed on input line 470.
(pdftex.def)             Requested size: 79.20044pt x 79.20193pt.

<./images/cheeger-weight/square-constant-bump4-cheeger-curve.png, id=84, 346.41
42pt x 346.4142pt>
File: ./images/cheeger-weight/square-constant-bump4-cheeger-curve.png Graphic f
ile (type png)

<use ./images/cheeger-weight/square-constant-bump4-cheeger-curve.png>
Package pdftex.def Info: ./images/cheeger-weight/square-constant-bump4-cheeger-
curve.png used on input line 470.
(pdftex.def)             Requested size: 79.20044pt x 79.19786pt.

<./images/cheeger-weight/square-constant-bump3-cheeger-curve.png, id=85, 346.41
42pt x 346.4142pt>
File: ./images/cheeger-weight/square-constant-bump3-cheeger-curve.png Graphic f
ile (type png)

<use ./images/cheeger-weight/square-constant-bump3-cheeger-curve.png>
Package pdftex.def Info: ./images/cheeger-weight/square-constant-bump3-cheeger-
curve.png used on input line 470.
(pdftex.def)             Requested size: 79.20044pt x 79.19786pt.

<./images/cheeger-weight/square-constant-bump2-cheeger-curve.png, id=86, 346.41
42pt x 346.4142pt>
File: ./images/cheeger-weight/square-constant-bump2-cheeger-curve.png Graphic f
ile (type png)

<use ./images/cheeger-weight/square-constant-bump2-cheeger-curve.png>
Package pdftex.def Info: ./images/cheeger-weight/square-constant-bump2-cheeger-
curve.png used on input line 470.
(pdftex.def)             Requested size: 79.20044pt x 79.19786pt.

<./images/cheeger-weight/square-constant-bump1-cheeger-curve.png, id=87, 346.41
42pt x 346.4142pt>
File: ./images/cheeger-weight/square-constant-bump1-cheeger-curve.png Graphic f
ile (type png)

<use ./images/cheeger-weight/square-constant-bump1-cheeger-curve.png>
Package pdftex.def Info: ./images/cheeger-weight/square-constant-bump1-cheeger-
curve.png used on input line 470.
(pdftex.def)             Requested size: 79.20044pt x 79.19786pt.

<./images/cheeger-weight/square-constant-periodic-tv.png, id=88, 200.75pt x 200
.75pt>
File: ./images/cheeger-weight/square-constant-periodic-tv.png Graphic file (typ
e png)
 <use ./images/cheeger-weight/square-constant-periodic-tv.png>
Package pdftex.def Info: ./images/cheeger-weight/square-constant-periodic-tv.pn
g used on input line 488.
(pdftex.def)             Requested size: 82.79846pt x 82.8012pt.

<./images/cheeger-2d/square-l2-cheeger-curve.png, id=89, 346.4142pt x 346.4142p
t>
File: ./images/cheeger-2d/square-l2-cheeger-curve.png Graphic file (type png)
 <use ./images/cheeger-2d/square-l2-cheeger-curve.png>
Package pdftex.def Info: ./images/cheeger-2d/square-l2-cheeger-curve.png used o
n input line 488.
(pdftex.def)             Requested size: 82.79846pt x 82.79752pt.

<./images/cheeger-weight/square-constant-periodic-cheeger-curve.png, id=90, 346
.4142pt x 346.4142pt>
File: ./images/cheeger-weight/square-constant-periodic-cheeger-curve.png Graphi
c file (type png)

<use ./images/cheeger-weight/square-constant-periodic-cheeger-curve.png>
Package pdftex.def Info: ./images/cheeger-weight/square-constant-periodic-cheeg
er-curve.png used on input line 488.
(pdftex.def)             Requested size: 82.79846pt x 82.79752pt.

<./images/cheeger-weight/square-periodic-constant-cheeger-curve.png, id=91, 346
.4142pt x 346.4142pt>
File: ./images/cheeger-weight/square-periodic-constant-cheeger-curve.png Graphi
c file (type png)

<use ./images/cheeger-weight/square-periodic-constant-cheeger-curve.png>
Package pdftex.def Info: ./images/cheeger-weight/square-periodic-constant-cheeg
er-curve.png used on input line 488.
(pdftex.def)             Requested size: 82.79846pt x 82.79752pt.

<./images/cheeger-weight/chicken-constant-periodic-tv.png, id=92, 200.75pt x 20
0.75pt>
File: ./images/cheeger-weight/chicken-constant-periodic-tv.png Graphic file (ty
pe png)
 <use ./images/cheeger-weight/chicken-constant-periodic-tv.png>
Package pdftex.def Info: ./images/cheeger-weight/chicken-constant-periodic-tv.p
ng used on input line 488.
(pdftex.def)             Requested size: 82.79846pt x 82.8012pt.

<./images/cheeger-2d/chicken-l2-cheeger-curve.png, id=93, 346.4142pt x 346.4142
pt>
File: ./images/cheeger-2d/chicken-l2-cheeger-curve.png Graphic file (type png)
 <use ./images/cheeger-2d/chicken-l2-cheeger-curve.png>
Package pdftex.def Info: ./images/cheeger-2d/chicken-l2-cheeger-curve.png used 
on input line 488.
(pdftex.def)             Requested size: 82.79846pt x 82.79752pt.

<./images/cheeger-weight/chicken-constant-periodic-cheeger-curve.png, id=94, 34
6.4142pt x 346.4142pt>
File: ./images/cheeger-weight/chicken-constant-periodic-cheeger-curve.png Graph
ic file (type png)

<use ./images/cheeger-weight/chicken-constant-periodic-cheeger-curve.png>
Package pdftex.def Info: ./images/cheeger-weight/chicken-constant-periodic-chee
ger-curve.png used on input line 488.
(pdftex.def)             Requested size: 82.79846pt x 82.79752pt.

<./images/cheeger-weight/chicken-periodic-constant-cheeger-curve.png, id=95, 34
6.4142pt x 346.4142pt>
File: ./images/cheeger-weight/chicken-periodic-constant-cheeger-curve.png Graph
ic file (type png)

<use ./images/cheeger-weight/chicken-periodic-constant-cheeger-curve.png>
Package pdftex.def Info: ./images/cheeger-weight/chicken-periodic-constant-chee
ger-curve.png used on input line 488.
(pdftex.def)             Requested size: 82.79846pt x 82.79752pt.

Overfull \hbox (1.50293pt too wide) in paragraph at lines 496--497
 \OT1/cmr/bx/n/10.95 Crys-talline to-tal vari-a-tion.[] \OT1/cmr/m/n/10.95 The 
Cheeger ex-trac-tion al-go-rithm pre-sented
 []

Missing character: There is no   in font cmr10!
[14 <./images/error/square-cheeger-progression-eps-converted-to.pdf>]
<./images/cheeger-2d/pacman-original.png, id=110, 200.75pt x 200.75pt>
File: ./images/cheeger-2d/pacman-original.png Graphic file (type png)

<use ./images/cheeger-2d/pacman-original.png>
Package pdftex.def Info: ./images/cheeger-2d/pacman-original.png used on input 
line 549.
(pdftex.def)             Requested size: 82.79846pt x 82.8012pt.

<./images/cheeger-2d/pacman-l2-cheeger-curve.png, id=111, 346.4142pt x 346.4142
pt>
File: ./images/cheeger-2d/pacman-l2-cheeger-curve.png Graphic file (type png)
 <use ./images/cheeger-2d/pacman-l2-cheeger-curve.png>
Package pdftex.def Info: ./images/cheeger-2d/pacman-l2-cheeger-curve.png used o
n input line 549.
(pdftex.def)             Requested size: 82.79846pt x 82.79752pt.

<./images/cheeger-2d/pacman-l1-cheeger-curve.png, id=112, 346.4142pt x 346.4142
pt>
File: ./images/cheeger-2d/pacman-l1-cheeger-curve.png Graphic file (type png)
 <use ./images/cheeger-2d/pacman-l1-cheeger-curve.png>
Package pdftex.def Info: ./images/cheeger-2d/pacman-l1-cheeger-curve.png used o
n input line 549.
(pdftex.def)             Requested size: 82.79846pt x 82.79752pt.

<./images/cheeger-2d/pacman-linf-cheeger-curve.png, id=113, 346.4142pt x 346.41
42pt>
File: ./images/cheeger-2d/pacman-linf-cheeger-curve.png Graphic file (type png)

 <use ./images/cheeger-2d/pacman-linf-cheeger-curve.png>
Package pdftex.def Info: ./images/cheeger-2d/pacman-linf-cheeger-curve.png used
 on input line 549.
(pdftex.def)             Requested size: 82.79846pt x 82.79752pt.

<./images/cheeger-2d/horse-original.png, id=114, 401.5pt x 401.5pt>
File: ./images/cheeger-2d/horse-original.png Graphic file (type png)

<use ./images/cheeger-2d/horse-original.png>
Package pdftex.def Info: ./images/cheeger-2d/horse-original.png used on input l
ine 549.
(pdftex.def)             Requested size: 82.79846pt x 82.79814pt.

<./images/cheeger-2d/horse-l2-cheeger-curve.png, id=115, 346.4142pt x 346.4142p
t>
File: ./images/cheeger-2d/horse-l2-cheeger-curve.png Graphic file (type png)
 <use ./images/cheeger-2d/horse-l2-cheeger-curve.png>
Package pdftex.def Info: ./images/cheeger-2d/horse-l2-cheeger-curve.png used on
 input line 549.
(pdftex.def)             Requested size: 82.79846pt x 82.79752pt.

<./images/cheeger-2d/horse-l1-cheeger-curve.png, id=116, 346.4142pt x 346.4142p
t>
File: ./images/cheeger-2d/horse-l1-cheeger-curve.png Graphic file (type png)
 <use ./images/cheeger-2d/horse-l1-cheeger-curve.png>
Package pdftex.def Info: ./images/cheeger-2d/horse-l1-cheeger-curve.png used on
 input line 549.
(pdftex.def)             Requested size: 82.79846pt x 82.79752pt.

<./images/cheeger-2d/horse-linf-cheeger-curve.png, id=117, 346.4142pt x 346.414
2pt>
File: ./images/cheeger-2d/horse-linf-cheeger-curve.png Graphic file (type png)
 <use ./images/cheeger-2d/horse-linf-cheeger-curve.png>
Package pdftex.def Info: ./images/cheeger-2d/horse-linf-cheeger-curve.png used 
on input line 549.
(pdftex.def)             Requested size: 82.79846pt x 82.79752pt.
 [15 <./images/cheeger-3d/cube-shape.png (PNG copy)> <./images/cheeger-3d/cubes
-tube-shape.png (PNG copy)> <./images/cheeger-3d/multi-cones-shape.png (PNG cop
y)> <./images/cheeger-3d/cube-cheeger.png (PNG copy)> <./images/cheeger-3d/cube
s-tube-cheeger.png (PNG copy)> <./images/cheeger-3d/multi-cones-l2-cheeger.png 
(PNG copy)>]
[16 <./images/cheeger-weight/square-constant-bump4-tv.png (PNG copy)> <./images
/cheeger-weight/square-constant-bump3-tv.png (PNG copy)> <./images/cheeger-weig
ht/square-constant-bump2-tv.png (PNG copy)> <./images/cheeger-weight/square-con
stant-bump1-tv.png (PNG copy)> <./images/cheeger-weight/square-constant-bump4-c
heeger-curve.png (PNG copy)> <./images/cheeger-weight/square-constant-bump3-che
eger-curve.png (PNG copy)> <./images/cheeger-weight/square-constant-bump2-cheeg
er-curve.png (PNG copy)> <./images/cheeger-weight/square-constant-bump1-cheeger
-curve.png (PNG copy)>]
Underfull \hbox (badness 1997) in paragraph at lines 589--590
[]\OT1/cmr/m/n/10.95 P.-L. Com-bettes, \OT1/cmr/m/it/10.95 A block-iterative su
r-ro-gate con-straint split-ting
 []


Underfull \hbox (badness 3417) in paragraph at lines 593--594
[]\OT1/cmr/m/n/10.95 F. De-men-gel, \OT1/cmr/m/it/10.95 Th^^Seor^^Remes d'exist
ence pour des ^^Sequations avec
 []

[17 <./images/cheeger-weight/square-constant-periodic-tv.png (PNG copy)> <./ima
ges/cheeger-2d/square-l2-cheeger-curve.png (PNG copy)> <./images/cheeger-weight
/square-constant-periodic-cheeger-curve.png (PNG copy)> <./images/cheeger-weigh
t/square-periodic-constant-cheeger-curve.png (PNG copy)> <./images/cheeger-weig
ht/chicken-constant-periodic-tv.png (PNG copy)> <./images/cheeger-2d/chicken-l2
-cheeger-curve.png (PNG copy)> <./images/cheeger-weight/chicken-constant-period
ic-cheeger-curve.png (PNG copy)> <./images/cheeger-weight/chicken-periodic-cons
tant-cheeger-curve.png (PNG copy)>] [18 <./images/cheeger-2d/pacman-original.pn
g (PNG copy)> <./images/cheeger-2d/pacman-l2-cheeger-curve.png (PNG copy)> <./i
mages/cheeger-2d/pacman-l1-cheeger-curve.png (PNG copy)> <./images/cheeger-2d/p
acman-linf-cheeger-curve.png (PNG copy)> <./images/cheeger-2d/horse-original.pn
g (PNG copy)> <./images/cheeger-2d/horse-l2-cheeger-curve.png (PNG copy)> <./im
ages/cheeger-2d/horse-l1-cheeger-curve.png (PNG copy)> <./images/cheeger-2d/hor
se-linf-cheeger-curve.png (PNG copy)>] [19] (./CheegerNumericrevisedjune08.aux)

LaTeX Warning: There were multiply-defined labels.

 ) 
Here is how much of TeX's memory you used:
 3924 strings out of 493014
 59002 string characters out of 6133351
 121852 words of memory out of 5000000
 7351 multiletter control sequences out of 15000+600000
 19366 words of font info for 73 fonts, out of 8000000 for 9000
 1141 hyphenation exceptions out of 8191
 42i,17n,30p,1716b,439s stack positions out of 5000i,500n,10000p,200000b,80000s
</usr/local/texlive/2016/texmf-dist/fonts/type1/public/amsfonts/cm/cmbsy10.pf
b></usr/local/texlive/2016/texmf-dist/fonts/type1/public/amsfonts/cm/cmbx10.pfb
></usr/local/texlive/2016/texmf-dist/fonts/type1/public/amsfonts/cm/cmbx12.pfb>
</usr/local/texlive/2016/texmf-dist/fonts/type1/public/amsfonts/cm/cmbx8.pfb></
usr/local/texlive/2016/texmf-dist/fonts/type1/public/amsfonts/cm/cmex10.pfb></u
sr/local/texlive/2016/texmf-dist/fonts/type1/public/amsfonts/cmextra/cmex8.pfb>
</usr/local/texlive/2016/texmf-dist/fonts/type1/public/amsfonts/cm/cmmi10.pfb><
/usr/local/texlive/2016/texmf-dist/fonts/type1/public/amsfonts/cm/cmmi6.pfb></u
sr/local/texlive/2016/texmf-dist/fonts/type1/public/amsfonts/cm/cmmi7.pfb></usr
/local/texlive/2016/texmf-dist/fonts/type1/public/amsfonts/cm/cmmi8.pfb></usr/l
ocal/texlive/2016/texmf-dist/fonts/type1/public/amsfonts/cm/cmmi9.pfb></usr/loc
al/texlive/2016/texmf-dist/fonts/type1/public/amsfonts/cm/cmmib10.pfb></usr/loc
al/texlive/2016/texmf-dist/fonts/type1/public/amsfonts/cm/cmr10.pfb></usr/local
/texlive/2016/texmf-dist/fonts/type1/public/amsfonts/cm/cmr12.pfb></usr/local/t
exlive/2016/texmf-dist/fonts/type1/public/amsfonts/cm/cmr17.pfb></usr/local/tex
live/2016/texmf-dist/fonts/type1/public/amsfonts/cm/cmr6.pfb></usr/local/texliv
e/2016/texmf-dist/fonts/type1/public/amsfonts/cm/cmr8.pfb></usr/local/texlive/2
016/texmf-dist/fonts/type1/public/amsfonts/cm/cmr9.pfb></usr/local/texlive/2016
/texmf-dist/fonts/type1/public/amsfonts/cm/cmsy10.pfb></usr/local/texlive/2016/
texmf-dist/fonts/type1/public/amsfonts/cm/cmsy6.pfb></usr/local/texlive/2016/te
xmf-dist/fonts/type1/public/amsfonts/cm/cmsy8.pfb></usr/local/texlive/2016/texm
f-dist/fonts/type1/public/amsfonts/cm/cmti10.pfb></usr/local/texlive/2016/texmf
-dist/fonts/type1/public/amsfonts/cm/cmtt10.pfb></usr/local/texlive/2016/texmf-
dist/fonts/type1/public/amsfonts/symbols/msbm10.pfb>
Output written on CheegerNumericrevisedjune08.pdf (19 pages, 936318 bytes).
PDF statistics:
 210 PDF objects out of 1000 (max. 8388607)
 123 compressed objects within 2 object streams
 0 named destinations out of 1000 (max. 500000)
 181 words of extra memory for PDF output out of 10000 (max. 10000000)

